c:\users\deniz\source\repos\itp projekt\itp projekt\x64\debug\vc143.pdb
c:\users\deniz\source\repos\itp projekt\itp projekt\x64\debug\vc143.idb
c:\users\deniz\source\repos\itp projekt\itp projekt\x64\debug\server.obj
c:\users\deniz\source\repos\itp projekt\itp projekt\x64\debug\itp projekt.obj
c:\users\deniz\source\repos\itp projekt\itp projekt\x64\debug\keylogger.obj
c:\users\deniz\source\repos\itp projekt\x64\debug\itp projekt.pdb
c:\users\deniz\source\repos\itp projekt\itp projekt\x64\debug\itp projekt.tlog\cl.command.1.tlog
c:\users\deniz\source\repos\itp projekt\itp projekt\x64\debug\itp projekt.tlog\cl.read.1.tlog
c:\users\deniz\source\repos\itp projekt\itp projekt\x64\debug\itp projekt.tlog\cl.write.1.tlog
c:\users\deniz\source\repos\itp projekt\itp projekt\x64\debug\itp projekt.tlog\link-cvtres.read.1.tlog
c:\users\deniz\source\repos\itp projekt\itp projekt\x64\debug\itp projekt.tlog\link-cvtres.write.1.tlog
c:\users\deniz\source\repos\itp projekt\itp projekt\x64\debug\itp projekt.tlog\link-rc.read.1.tlog
c:\users\deniz\source\repos\itp projekt\itp projekt\x64\debug\itp projekt.tlog\link-rc.write.1.tlog
c:\users\deniz\source\repos\itp projekt\itp projekt\x64\debug\itp projekt.tlog\link.15156-cvtres.read.1.tlog
c:\users\deniz\source\repos\itp projekt\itp projekt\x64\debug\itp projekt.tlog\link.15156-cvtres.write.1.tlog
c:\users\deniz\source\repos\itp projekt\itp projekt\x64\debug\itp projekt.tlog\link.15156-rc.read.1.tlog
c:\users\deniz\source\repos\itp projekt\itp projekt\x64\debug\itp projekt.tlog\link.15156-rc.write.1.tlog
c:\users\deniz\source\repos\itp projekt\itp projekt\x64\debug\itp projekt.tlog\link.15156.read.1.tlog
c:\users\deniz\source\repos\itp projekt\itp projekt\x64\debug\itp projekt.tlog\link.15156.read.2.tlog
c:\users\deniz\source\repos\itp projekt\itp projekt\x64\debug\itp projekt.tlog\link.15156.write.1.tlog
c:\users\deniz\source\repos\itp projekt\itp projekt\x64\debug\itp projekt.tlog\link.command.1.tlog
c:\users\deniz\source\repos\itp projekt\itp projekt\x64\debug\itp projekt.tlog\link.read.1.tlog
c:\users\deniz\source\repos\itp projekt\itp projekt\x64\debug\itp projekt.tlog\link.read.2.tlog
c:\users\deniz\source\repos\itp projekt\itp projekt\x64\debug\itp projekt.tlog\link.write.1.tlog
